-------------------------------------------------------------------------------
Test set: com.example.Demo01_Basic_UnitTest
-------------------------------------------------------------------------------
Tests run: 2, Failures: 1, Errors: 0, Skipped: 0, Time elapsed: 0.04 s <<< FAILURE! - in com.example.Demo01_Basic_UnitTest
com.example.Demo01_Basic_UnitTest.testAdditionFail  Time elapsed: 0.006 s  <<< FAILURE!
org.opentest4j.AssertionFailedError: Expected 20 but actual is 15 ==> expected: <20> but was: <15>
	at com.example.Demo01_Basic_UnitTest.testAdditionFail(Demo01_Basic_UnitTest.java:18)

